{
  "RSpec": {
    "coverage": {
      "/Users/samschlinkert/Documents/code/flatiron/projects/stephanie-mike-grandma/app/controllers/drafts_controller.rb": [
        1,
        null,
        1,
        null,
        null,
        null,
        0,
        null,
        null,
        1,
        null,
        3,
        3,
        3,
        0,
        0,
        null,
        null,
        null,
        3,
        null,
        null,
        1,
        1,
        null,
        null,
        1,
        1,
        null,
        null,
        null,
        null,
        null,
        1,
        null,
        null,
        null,
        1,
        0,
        0,
        null,
        0,
        null,
        0,
        null,
        0,
        null,
        null,
        null,
        null,
        1,
        0,
        null,
        null,
        null,
        null,
        1,
        null,
        null,
        null,
        1,
        null,
        null,
        null,
        1,
        0,
        null,
        null
      ],
      "/Users/samschlinkert/Documents/code/flatiron/projects/stephanie-mike-grandma/app/controllers/application_controller.rb": [
        1,
        null,
        null,
        1,
        null
      ],
      "/Users/samschlinkert/Documents/code/flatiron/projects/stephanie-mike-grandma/app/controllers/letters_controller.rb": [
        1,
        1,
        null,
        null,
        null,
        1,
        2,
        2,
        null,
        null,
        null,
        null,
        1,
        null,
        null,
        null,
        null,
        1,
        1,
        null,
        null,
        null,
        null,
        1,
        null,
        null,
        null,
        null,
        1,
        5,
        null,
        5,
        5,
        5,
        6,
        3,
        null,
        4,
        2,
        null,
        null,
        null,
        null,
        null,
        null,
        1,
        5,
        5,
        4,
        2,
        null,
        4,
        2,
        null,
        null,
        null,
        null,
        null,
        null,
        1,
        2,
        2,
        4,
        2,
        null,
        null,
        null,
        1,
        null,
        1,
        9,
        null,
        null,
        null,
        1,
        10,
        null,
        null
      ],
      "/Users/samschlinkert/Documents/code/flatiron/projects/stephanie-mike-grandma/app/mailers/draft_mailer.rb": [
        1,
        null,
        null,
        1,
        0,
        0,
        0,
        0,
        null,
        0,
        null,
        null,
        null,
        null,
        null,
        null
      ],
      "/Users/samschlinkert/Documents/code/flatiron/projects/stephanie-mike-grandma/app/models/draft.rb": [
        1,
        1,
        1,
        null,
        null
      ],
      "/Users/samschlinkert/Documents/code/flatiron/projects/stephanie-mike-grandma/app/models/draft_variable.rb": [
        1,
        1,
        null,
        null
      ],
      "/Users/samschlinkert/Documents/code/flatiron/projects/stephanie-mike-grandma/app/models/letter.rb": [
        1,
        1,
        null,
        1,
        null,
        null,
        null
      ]
    },
    "timestamp": 1396886581
  }
}
